<?xml version="1.0" encoding="UTF-8"?>
<testng-results skipped="0" failed="0" total="2" passed="2">
  <reporter-output>
  </reporter-output>
  <suite name="Default suite" duration-ms="27" started-at="2014-07-23T13:59:44Z" finished-at="2014-07-23T13:59:44Z">
    <groups>
    </groups>
    <test name="Default test" duration-ms="27" started-at="2014-07-23T13:59:44Z" finished-at="2014-07-23T13:59:44Z">
      <class name="com.gaurav.ant.SampleTest">
        <test-method status="PASS" signature="method1()[pri:0, instance:com.gaurav.ant.SampleTest@105e55ab]" name="method1" duration-ms="9" started-at="2014-07-23T19:29:44Z" finished-at="2014-07-23T19:29:44Z">
          <reporter-output>
          </reporter-output>
        </test-method> <!-- method1 -->
        <test-method status="PASS" signature="method2()[pri:0, instance:com.gaurav.ant.SampleTest@105e55ab]" name="method2" duration-ms="1" started-at="2014-07-23T19:29:44Z" finished-at="2014-07-23T19:29:44Z">
          <reporter-output>
          </reporter-output>
        </test-method> <!-- method2 -->
      </class> <!-- com.gaurav.ant.SampleTest -->
    </test> <!-- Default test -->
  </suite> <!-- Default suite -->
</testng-results>
